<?xml version="1.0" encoding="UTF-8"?>
<coverage generated="1586431404003" clover="3.2.0">
  <project timestamp="1586431404003" name="All files">
    <metrics statements="231" coveredstatements="161" conditionals="103" coveredconditionals="72" methods="57" coveredmethods="34" elements="391" coveredelements="267" complexity="0" loc="231" ncloc="231" packages="18" files="19" classes="19">
      <package name="src">
        <metrics statements="10" coveredstatements="8" conditionals="6" coveredconditionals="2" methods="2" coveredmethods="1"/>
        <file name="App.tsx" path="/Users/admin/Documents/song-game/src/App.tsx">
          <metrics statements="10" coveredstatements="8" conditionals="6" coveredconditionals="2" methods="2" coveredmethods="1"/>
          <line num="11" count="1" type="stmt"/>
          <line num="12" count="3" type="stmt"/>
          <line num="13" count="3" type="stmt"/>
          <line num="14" count="3" type="stmt"/>
          <line num="16" count="3" type="stmt"/>
          <line num="17" count="0" type="cond" truecount="0" falsecount="4"/>
          <line num="18" count="0" type="stmt"/>
          <line num="23" count="3" type="stmt"/>
          <line num="35" count="3" type="stmt"/>
          <line num="40" count="3" type="cond" truecount="2" falsecount="0"/>
        </file>
      </package>
      <package name="src.components.alert">
        <metrics statements="4" coveredstatements="4" conditionals="5" coveredconditionals="5" methods="1" coveredmethods="1"/>
        <file name="Alert.tsx" path="/Users/admin/Documents/song-game/src/components/alert/Alert.tsx">
          <metrics statements="4" coveredstatements="4" conditionals="5" coveredconditionals="5" methods="1" coveredmethods="1"/>
          <line num="10" count="17" type="stmt"/>
          <line num="12" count="4" type="stmt"/>
          <line num="17" count="4" type="stmt"/>
          <line num="25" count="4" type="stmt"/>
        </file>
      </package>
      <package name="src.components.button">
        <metrics statements="15" coveredstatements="15" conditionals="11" coveredconditionals="11" methods="4" coveredmethods="4"/>
        <file name="Button.tsx" path="/Users/admin/Documents/song-game/src/components/button/Button.tsx">
          <metrics statements="9" coveredstatements="9" conditionals="9" coveredconditionals="9" methods="1" coveredmethods="1"/>
          <line num="22" count="17" type="stmt"/>
          <line num="33" count="25" type="cond" truecount="2" falsecount="0"/>
          <line num="35" count="25" type="stmt"/>
          <line num="37" count="25" type="stmt"/>
          <line num="39" count="25" type="cond" truecount="2" falsecount="0"/>
          <line num="40" count="3" type="stmt"/>
          <line num="47" count="22" type="cond" truecount="2" falsecount="0"/>
          <line num="48" count="21" type="stmt"/>
          <line num="55" count="1" type="stmt"/>
        </file>
        <file name="ButtonLogout.tsx" path="/Users/admin/Documents/song-game/src/components/button/ButtonLogout.tsx">
          <metrics statements="6" coveredstatements="6" conditionals="2" coveredconditionals="2" methods="3" coveredmethods="3"/>
          <line num="14" count="17" type="stmt"/>
          <line num="15" count="3" type="stmt"/>
          <line num="18" count="1" type="stmt"/>
          <line num="19" count="1" type="stmt"/>
          <line num="22" count="3" type="stmt"/>
          <line num="23" count="1" type="stmt"/>
        </file>
      </package>
      <package name="src.components.errorMessage">
        <metrics statements="2" coveredstatements="2" conditionals="2" coveredconditionals="1" methods="1" coveredmethods="1"/>
        <file name="ErrorMessage.tsx" path="/Users/admin/Documents/song-game/src/components/errorMessage/ErrorMessage.tsx">
          <metrics statements="2" coveredstatements="2" conditionals="2" coveredconditionals="1" methods="1" coveredmethods="1"/>
          <line num="6" count="17" type="stmt"/>
          <line num="7" count="2" type="stmt"/>
        </file>
      </package>
      <package name="src.components.game">
        <metrics statements="57" coveredstatements="54" conditionals="31" coveredconditionals="27" methods="8" coveredmethods="7"/>
        <file name="Game.tsx" path="/Users/admin/Documents/song-game/src/components/game/Game.tsx">
          <metrics statements="57" coveredstatements="54" conditionals="31" coveredconditionals="27" methods="8" coveredmethods="7"/>
          <line num="23" count="17" type="stmt"/>
          <line num="24" count="21" type="stmt"/>
          <line num="25" count="21" type="stmt"/>
          <line num="26" count="21" type="stmt"/>
          <line num="27" count="21" type="stmt"/>
          <line num="28" count="21" type="stmt"/>
          <line num="29" count="21" type="stmt"/>
          <line num="30" count="21" type="stmt"/>
          <line num="31" count="21" type="stmt"/>
          <line num="32" count="21" type="stmt"/>
          <line num="34" count="21" type="stmt"/>
          <line num="35" count="2" type="stmt"/>
          <line num="36" count="2" type="cond" truecount="1" falsecount="1"/>
          <line num="37" count="2" type="cond" truecount="2" falsecount="0"/>
          <line num="38" count="1" type="stmt"/>
          <line num="39" count="1" type="stmt"/>
          <line num="40" count="1" type="stmt"/>
          <line num="42" count="1" type="stmt"/>
          <line num="43" count="1" type="stmt"/>
          <line num="44" count="1" type="stmt"/>
          <line num="49" count="21" type="stmt"/>
          <line num="50" count="13" type="cond" truecount="1" falsecount="1"/>
          <line num="51" count="13" type="stmt"/>
          <line num="52" count="13" type="stmt"/>
          <line num="53" count="13" type="stmt"/>
          <line num="54" count="143" type="cond" truecount="5" falsecount="0"/>
          <line num="58" count="13" type="stmt"/>
          <line num="59" count="13" type="stmt"/>
          <line num="62" count="0" type="stmt"/>
          <line num="71" count="21" type="stmt"/>
          <line num="72" count="7" type="cond" truecount="2" falsecount="0"/>
          <line num="73" count="1" type="stmt"/>
          <line num="74" count="1" type="stmt"/>
          <line num="75" count="1" type="stmt"/>
          <line num="76" count="1" type="stmt"/>
          <line num="77" count="0" type="stmt"/>
          <line num="81" count="7" type="cond" truecount="2" falsecount="0"/>
          <line num="83" count="6" type="cond" truecount="2" falsecount="0"/>
          <line num="84" count="3" type="stmt"/>
          <line num="85" count="3" type="cond" truecount="2" falsecount="0"/>
          <line num="86" count="1" type="stmt"/>
          <line num="87" count="2" type="cond" truecount="2" falsecount="0"/>
          <line num="88" count="1" type="stmt"/>
          <line num="90" count="1" type="stmt"/>
          <line num="92" count="6" type="stmt"/>
          <line num="93" count="6" type="stmt"/>
          <line num="95" count="6" type="cond" truecount="2" falsecount="0"/>
          <line num="96" count="5" type="stmt"/>
          <line num="97" count="5" type="stmt"/>
          <line num="99" count="1" type="stmt"/>
          <line num="100" count="1" type="stmt"/>
          <line num="101" count="1" type="stmt"/>
          <line num="106" count="21" type="cond" truecount="1" falsecount="1"/>
          <line num="107" count="0" type="stmt"/>
          <line num="110" count="21" type="stmt"/>
          <line num="120" count="210" type="stmt"/>
          <line num="125" count="7" type="stmt"/>
        </file>
      </package>
      <package name="src.components.image">
        <metrics statements="4" coveredstatements="4" conditionals="6" coveredconditionals="6" methods="1" coveredmethods="1"/>
        <file name="Image.tsx" path="/Users/admin/Documents/song-game/src/components/image/Image.tsx">
          <metrics statements="4" coveredstatements="4" conditionals="6" coveredconditionals="6" methods="1" coveredmethods="1"/>
          <line num="12" count="17" type="stmt"/>
          <line num="13" count="4" type="cond" truecount="4" falsecount="0"/>
          <line num="14" count="4" type="cond" truecount="2" falsecount="0"/>
          <line num="15" count="4" type="stmt"/>
        </file>
      </package>
      <package name="src.components.listSongs">
        <metrics statements="7" coveredstatements="7" conditionals="0" coveredconditionals="0" methods="3" coveredmethods="3"/>
        <file name="ListSongs.tsx" path="/Users/admin/Documents/song-game/src/components/listSongs/ListSongs.tsx">
          <metrics statements="7" coveredstatements="7" conditionals="0" coveredconditionals="0" methods="3" coveredmethods="3"/>
          <line num="12" count="17" type="stmt"/>
          <line num="13" count="1" type="stmt"/>
          <line num="22" count="17" type="stmt"/>
          <line num="23" count="4" type="stmt"/>
          <line num="24" count="4" type="stmt"/>
          <line num="25" count="4" type="stmt"/>
          <line num="30" count="8" type="stmt"/>
        </file>
      </package>
      <package name="src.components.login">
        <metrics statements="6" coveredstatements="6" conditionals="0" coveredconditionals="0" methods="2" coveredmethods="2"/>
        <file name="Login.tsx" path="/Users/admin/Documents/song-game/src/components/login/Login.tsx">
          <metrics statements="6" coveredstatements="6" conditionals="0" coveredconditionals="0" methods="2" coveredmethods="2"/>
          <line num="8" count="17" type="stmt"/>
          <line num="9" count="2" type="stmt"/>
          <line num="11" count="2" type="stmt"/>
          <line num="12" count="1" type="stmt"/>
          <line num="14" count="1" type="stmt"/>
          <line num="17" count="2" type="stmt"/>
        </file>
      </package>
      <package name="src.components.navigation">
        <metrics statements="5" coveredstatements="5" conditionals="0" coveredconditionals="0" methods="2" coveredmethods="2"/>
        <file name="Navigation.tsx" path="/Users/admin/Documents/song-game/src/components/navigation/Navigation.tsx">
          <metrics statements="5" coveredstatements="5" conditionals="0" coveredconditionals="0" methods="2" coveredmethods="2"/>
          <line num="10" count="17" type="stmt"/>
          <line num="11" count="4" type="stmt"/>
          <line num="12" count="4" type="stmt"/>
          <line num="15" count="1" type="stmt"/>
          <line num="17" count="4" type="stmt"/>
        </file>
      </package>
      <package name="src.components.playListItem">
        <metrics statements="7" coveredstatements="7" conditionals="4" coveredconditionals="4" methods="1" coveredmethods="1"/>
        <file name="PlaylistItem.tsx" path="/Users/admin/Documents/song-game/src/components/playListItem/PlaylistItem.tsx">
          <metrics statements="7" coveredstatements="7" conditionals="4" coveredconditionals="4" methods="1" coveredmethods="1"/>
          <line num="12" count="17" type="stmt"/>
          <line num="13" count="4" type="stmt"/>
          <line num="14" count="4" type="stmt"/>
          <line num="15" count="4" type="cond" truecount="2" falsecount="0"/>
          <line num="16" count="4" type="stmt"/>
          <line num="17" count="4" type="cond" truecount="2" falsecount="0"/>
          <line num="19" count="4" type="stmt"/>
        </file>
      </package>
      <package name="src.components.playlists">
        <metrics statements="19" coveredstatements="15" conditionals="12" coveredconditionals="10" methods="5" coveredmethods="4"/>
        <file name="Playlists.tsx" path="/Users/admin/Documents/song-game/src/components/playlists/Playlists.tsx">
          <metrics statements="19" coveredstatements="15" conditionals="12" coveredconditionals="10" methods="5" coveredmethods="4"/>
          <line num="12" count="17" type="stmt"/>
          <line num="13" count="3" type="stmt"/>
          <line num="14" count="3" type="stmt"/>
          <line num="15" count="3" type="stmt"/>
          <line num="16" count="3" type="stmt"/>
          <line num="18" count="3" type="stmt"/>
          <line num="19" count="3" type="stmt"/>
          <line num="22" count="3" type="cond" truecount="4" falsecount="0"/>
          <line num="23" count="1" type="stmt"/>
          <line num="25" count="1" type="stmt"/>
          <line num="28" count="2" type="stmt"/>
          <line num="33" count="3" type="stmt"/>
          <line num="34" count="0" type="cond" truecount="0" falsecount="2"/>
          <line num="35" count="0" type="stmt"/>
          <line num="37" count="0" type="stmt"/>
          <line num="38" count="0" type="stmt"/>
          <line num="43" count="3" type="stmt"/>
          <line num="46" count="1" type="stmt"/>
          <line num="52" count="3" type="stmt"/>
        </file>
      </package>
      <package name="src.components.scoreInfo">
        <metrics statements="2" coveredstatements="2" conditionals="0" coveredconditionals="0" methods="1" coveredmethods="1"/>
        <file name="ScoreInfo.tsx" path="/Users/admin/Documents/song-game/src/components/scoreInfo/ScoreInfo.tsx">
          <metrics statements="2" coveredstatements="2" conditionals="0" coveredconditionals="0" methods="1" coveredmethods="1"/>
          <line num="8" count="17" type="stmt"/>
          <line num="9" count="3" type="stmt"/>
        </file>
      </package>
      <package name="src.components.scores">
        <metrics statements="25" coveredstatements="1" conditionals="8" coveredconditionals="0" methods="6" coveredmethods="0"/>
        <file name="Scores.tsx" path="/Users/admin/Documents/song-game/src/components/scores/Scores.tsx">
          <metrics statements="25" coveredstatements="1" conditionals="8" coveredconditionals="0" methods="6" coveredmethods="0"/>
          <line num="11" count="17" type="stmt"/>
          <line num="12" count="0" type="stmt"/>
          <line num="13" count="0" type="stmt"/>
          <line num="14" count="0" type="stmt"/>
          <line num="16" count="0" type="stmt"/>
          <line num="17" count="0" type="stmt"/>
          <line num="18" count="0" type="stmt"/>
          <line num="19" count="0" type="stmt"/>
          <line num="20" count="0" type="stmt"/>
          <line num="22" count="0" type="stmt"/>
          <line num="25" count="0" type="stmt"/>
          <line num="28" count="0" type="stmt"/>
          <line num="29" count="0" type="stmt"/>
          <line num="30" count="0" type="stmt"/>
          <line num="38" count="0" type="stmt"/>
          <line num="39" count="0" type="stmt"/>
          <line num="42" count="0" type="cond" truecount="0" falsecount="2"/>
          <line num="43" count="0" type="stmt"/>
          <line num="50" count="0" type="stmt"/>
          <line num="70" count="0" type="stmt"/>
          <line num="71" count="0" type="stmt"/>
          <line num="72" count="0" type="stmt"/>
          <line num="73" count="0" type="stmt"/>
          <line num="74" count="0" type="stmt"/>
          <line num="75" count="0" type="stmt"/>
        </file>
      </package>
      <package name="src.components.search">
        <metrics statements="13" coveredstatements="10" conditionals="4" coveredconditionals="2" methods="4" coveredmethods="3"/>
        <file name="Search.tsx" path="/Users/admin/Documents/song-game/src/components/search/Search.tsx">
          <metrics statements="13" coveredstatements="10" conditionals="4" coveredconditionals="2" methods="4" coveredmethods="3"/>
          <line num="10" count="17" type="stmt"/>
          <line num="11" count="6" type="stmt"/>
          <line num="12" count="6" type="stmt"/>
          <line num="13" count="6" type="stmt"/>
          <line num="16" count="2" type="stmt"/>
          <line num="20" count="2" type="stmt"/>
          <line num="22" count="2" type="cond" truecount="2" falsecount="0"/>
          <line num="23" count="1" type="stmt"/>
          <line num="27" count="6" type="stmt"/>
          <line num="28" count="0" type="cond" truecount="0" falsecount="2"/>
          <line num="29" count="0" type="stmt"/>
          <line num="30" count="0" type="stmt"/>
          <line num="34" count="6" type="stmt"/>
        </file>
      </package>
      <package name="src.components.song">
        <metrics statements="2" coveredstatements="2" conditionals="0" coveredconditionals="0" methods="1" coveredmethods="1"/>
        <file name="Song.tsx" path="/Users/admin/Documents/song-game/src/components/song/Song.tsx">
          <metrics statements="2" coveredstatements="2" conditionals="0" coveredconditionals="0" methods="1" coveredmethods="1"/>
          <line num="9" count="17" type="stmt"/>
          <line num="10" count="1" type="stmt"/>
        </file>
      </package>
      <package name="src.components.summary">
        <metrics statements="41" coveredstatements="16" conditionals="10" coveredconditionals="0" methods="6" coveredmethods="1"/>
        <file name="Summary.tsx" path="/Users/admin/Documents/song-game/src/components/summary/Summary.tsx">
          <metrics statements="41" coveredstatements="16" conditionals="10" coveredconditionals="0" methods="6" coveredmethods="1"/>
          <line num="13" count="17" type="stmt"/>
          <line num="14" count="3" type="stmt"/>
          <line num="15" count="3" type="stmt"/>
          <line num="16" count="3" type="stmt"/>
          <line num="17" count="3" type="stmt"/>
          <line num="18" count="3" type="stmt"/>
          <line num="19" count="3" type="stmt"/>
          <line num="20" count="3" type="stmt"/>
          <line num="21" count="3" type="stmt"/>
          <line num="22" count="3" type="stmt"/>
          <line num="23" count="3" type="stmt"/>
          <line num="24" count="3" type="stmt"/>
          <line num="25" count="3" type="stmt"/>
          <line num="27" count="3" type="stmt"/>
          <line num="28" count="0" type="stmt"/>
          <line num="29" count="0" type="stmt"/>
          <line num="30" count="0" type="stmt"/>
          <line num="31" count="0" type="stmt"/>
          <line num="32" count="0" type="stmt"/>
          <line num="34" count="0" type="stmt"/>
          <line num="37" count="0" type="stmt"/>
          <line num="40" count="3" type="stmt"/>
          <line num="41" count="0" type="stmt"/>
          <line num="42" count="0" type="stmt"/>
          <line num="43" count="0" type="stmt"/>
          <line num="59" count="0" type="stmt"/>
          <line num="63" count="0" type="stmt"/>
          <line num="64" count="0" type="stmt"/>
          <line num="65" count="0" type="stmt"/>
          <line num="77" count="0" type="stmt"/>
          <line num="80" count="0" type="stmt"/>
          <line num="81" count="0" type="cond" truecount="0" falsecount="4"/>
          <line num="82" count="0" type="cond" truecount="0" falsecount="2"/>
          <line num="83" count="0" type="stmt"/>
          <line num="84" count="0" type="stmt"/>
          <line num="85" count="0" type="cond" truecount="0" falsecount="2"/>
          <line num="86" count="0" type="stmt"/>
          <line num="87" count="0" type="stmt"/>
          <line num="88" count="0" type="cond" truecount="0" falsecount="2"/>
          <line num="89" count="0" type="stmt"/>
          <line num="94" count="3" type="stmt"/>
        </file>
      </package>
      <package name="src.components.timer">
        <metrics statements="3" coveredstatements="3" conditionals="4" coveredconditionals="4" methods="1" coveredmethods="1"/>
        <file name="Timer.tsx" path="/Users/admin/Documents/song-game/src/components/timer/Timer.tsx">
          <metrics statements="3" coveredstatements="3" conditionals="4" coveredconditionals="4" methods="1" coveredmethods="1"/>
          <line num="8" count="17" type="stmt"/>
          <line num="9" count="7" type="cond" truecount="2" falsecount="0"/>
          <line num="11" count="7" type="cond" truecount="2" falsecount="0"/>
        </file>
      </package>
      <package name="src.tailwind">
        <metrics statements="9" coveredstatements="0" conditionals="0" coveredconditionals="0" methods="8" coveredmethods="0"/>
        <file name="tailwind.config.js" path="/Users/admin/Documents/song-game/src/tailwind/tailwind.config.js">
          <metrics statements="9" coveredstatements="0" conditionals="0" coveredconditionals="0" methods="8" coveredmethods="0"/>
          <line num="1" count="0" type="stmt"/>
          <line num="157" count="0" type="stmt"/>
          <line num="174" count="0" type="stmt"/>
          <line num="286" count="0" type="stmt"/>
          <line num="317" count="0" type="stmt"/>
          <line num="383" count="0" type="stmt"/>
          <line num="384" count="0" type="stmt"/>
          <line num="388" count="0" type="stmt"/>
          <line num="389" count="0" type="stmt"/>
        </file>
      </package>
    </metrics>
  </project>
</coverage>
