{"/Users/admin/Documents/song-game/src/App.tsx": {"path":"/Users/admin/Documents/song-game/src/App.tsx","statementMap":{"0":{"start":{"line":11,"column":38},"end":{"line":41,"column":1}},"1":{"start":{"line":12,"column":19},"end":{"line":12,"column":32}},"2":{"start":{"line":13,"column":16},"end":{"line":13,"column":37}},"3":{"start":{"line":14,"column":15},"end":{"line":14,"column":51}},"4":{"start":{"line":16,"column":2},"end":{"line":20,"column":23}},"5":{"start":{"line":17,"column":4},"end":{"line":19,"column":5}},"6":{"start":{"line":18,"column":6},"end":{"line":18,"column":39}},"7":{"start":{"line":23,"column":4},"end":{"line":32,"column":7}},"8":{"start":{"line":35,"column":4},"end":{"line":38,"column":7}},"9":{"start":{"line":40,"column":2},"end":{"line":40,"column":31}}},"fnMap":{"0":{"name":"(anonymous_0)","decl":{"start":{"line":11,"column":38},"end":{"line":11,"column":39}},"loc":{"start":{"line":11,"column":58},"end":{"line":41,"column":1}},"line":11},"1":{"name":"(anonymous_1)","decl":{"start":{"line":16,"column":12},"end":{"line":16,"column":13}},"loc":{"start":{"line":16,"column":18},"end":{"line":20,"column":3}},"line":16}},"branchMap":{"0":{"loc":{"start":{"line":17,"column":4},"end":{"line":19,"column":5}},"type":"if","locations":[{"start":{"line":17,"column":4},"end":{"line":19,"column":5}},{"start":{"line":17,"column":4},"end":{"line":19,"column":5}}],"line":17},"1":{"loc":{"start":{"line":17,"column":8},"end":{"line":17,"column":22}},"type":"binary-expr","locations":[{"start":{"line":17,"column":8},"end":{"line":17,"column":12}},{"start":{"line":17,"column":16},"end":{"line":17,"column":22}}],"line":17},"2":{"loc":{"start":{"line":40,"column":9},"end":{"line":40,"column":30}},"type":"cond-expr","locations":[{"start":{"line":40,"column":17},"end":{"line":40,"column":23}},{"start":{"line":40,"column":26},"end":{"line":40,"column":30}}],"line":40}},"s":{"0":1,"1":3,"2":3,"3":3,"4":3,"5":0,"6":0,"7":3,"8":3,"9":3},"f":{"0":3,"1":0},"b":{"0":[0,0],"1":[0,0],"2":[2,1]},"_coverageSchema":"332fd63041d2c1bcb487cc26dd0d5f7d97098a6c","hash":"bf43f62cd9edd1f12e5571844771a5935e9e2007"}
,"/Users/admin/Documents/song-game/src/components/alert/Alert.tsx": {"path":"/Users/admin/Documents/song-game/src/components/alert/Alert.tsx","statementMap":{"0":{"start":{"line":10,"column":52},"end":{"line":31,"column":1}},"1":{"start":{"line":12,"column":4},"end":{"line":14,"column":10}},"2":{"start":{"line":17,"column":4},"end":{"line":22,"column":10}},"3":{"start":{"line":25,"column":2},"end":{"line":30,"column":4}}},"fnMap":{"0":{"name":"(anonymous_0)","decl":{"start":{"line":10,"column":52},"end":{"line":10,"column":53}},"loc":{"start":{"line":10,"column":75},"end":{"line":31,"column":1}},"line":10}},"branchMap":{"0":{"loc":{"start":{"line":27,"column":7},"end":{"line":27,"column":39}},"type":"binary-expr","locations":[{"start":{"line":27,"column":7},"end":{"line":27,"column":12}},{"start":{"line":27,"column":16},"end":{"line":27,"column":26}},{"start":{"line":27,"column":30},"end":{"line":27,"column":39}}],"line":27},"1":{"loc":{"start":{"line":28,"column":7},"end":{"line":28,"column":31}},"type":"binary-expr","locations":[{"start":{"line":28,"column":7},"end":{"line":28,"column":17}},{"start":{"line":28,"column":21},"end":{"line":28,"column":31}}],"line":28}},"s":{"0":17,"1":4,"2":4,"3":4},"f":{"0":4},"b":{"0":[4,1,1],"1":[4,1]},"_coverageSchema":"332fd63041d2c1bcb487cc26dd0d5f7d97098a6c","hash":"dad42c4a64e2957bb4728009510ae922d6d76116"}
,"/Users/admin/Documents/song-game/src/components/button/Button.tsx": {"path":"/Users/admin/Documents/song-game/src/components/button/Button.tsx","statementMap":{"0":{"start":{"line":22,"column":54},"end":{"line":60,"column":1}},"1":{"start":{"line":33,"column":22},"end":{"line":33,"column":90}},"2":{"start":{"line":35,"column":21},"end":{"line":35,"column":60}},"3":{"start":{"line":37,"column":4},"end":{"line":37,"column":210}},"4":{"start":{"line":39,"column":2},"end":{"line":45,"column":3}},"5":{"start":{"line":40,"column":4},"end":{"line":44,"column":6}},"6":{"start":{"line":47,"column":2},"end":{"line":53,"column":3}},"7":{"start":{"line":48,"column":4},"end":{"line":52,"column":6}},"8":{"start":{"line":55,"column":2},"end":{"line":59,"column":4}}},"fnMap":{"0":{"name":"(anonymous_0)","decl":{"start":{"line":22,"column":54},"end":{"line":22,"column":55}},"loc":{"start":{"line":32,"column":6},"end":{"line":60,"column":1}},"line":32}},"branchMap":{"0":{"loc":{"start":{"line":27,"column":2},"end":{"line":27,"column":20}},"type":"default-arg","locations":[{"start":{"line":27,"column":9},"end":{"line":27,"column":20}}],"line":27},"1":{"loc":{"start":{"line":33,"column":22},"end":{"line":33,"column":90}},"type":"binary-expr","locations":[{"start":{"line":33,"column":22},"end":{"line":33,"column":29}},{"start":{"line":33,"column":33},"end":{"line":33,"column":90}}],"line":33},"2":{"loc":{"start":{"line":39,"column":2},"end":{"line":45,"column":3}},"type":"if","locations":[{"start":{"line":39,"column":2},"end":{"line":45,"column":3}},{"start":{"line":39,"column":2},"end":{"line":45,"column":3}}],"line":39},"3":{"loc":{"start":{"line":41,"column":68},"end":{"line":41,"column":91}},"type":"binary-expr","locations":[{"start":{"line":41,"column":68},"end":{"line":41,"column":79}},{"start":{"line":41,"column":83},"end":{"line":41,"column":91}}],"line":41},"4":{"loc":{"start":{"line":47,"column":2},"end":{"line":53,"column":3}},"type":"if","locations":[{"start":{"line":47,"column":2},"end":{"line":53,"column":3}},{"start":{"line":47,"column":2},"end":{"line":53,"column":3}}],"line":47}},"s":{"0":17,"1":25,"2":25,"3":25,"4":25,"5":3,"6":22,"7":21,"8":1},"f":{"0":25},"b":{"0":[25],"1":[25,2],"2":[3,22],"3":[3,2],"4":[21,1]},"_coverageSchema":"332fd63041d2c1bcb487cc26dd0d5f7d97098a6c","hash":"b0c5f0001a7931bd33f7a4556d09e71a4b4ce369"}
,"/Users/admin/Documents/song-game/src/components/button/ButtonLogout.tsx": {"path":"/Users/admin/Documents/song-game/src/components/button/ButtonLogout.tsx","statementMap":{"0":{"start":{"line":14,"column":66},"end":{"line":32,"column":1}},"1":{"start":{"line":15,"column":19},"end":{"line":15,"column":32}},"2":{"start":{"line":18,"column":4},"end":{"line":18,"column":27}},"3":{"start":{"line":19,"column":4},"end":{"line":19,"column":32}},"4":{"start":{"line":22,"column":2},"end":{"line":31,"column":4}},"5":{"start":{"line":23,"column":50},"end":{"line":23,"column":58}}},"fnMap":{"0":{"name":"(anonymous_0)","decl":{"start":{"line":14,"column":66},"end":{"line":14,"column":67}},"loc":{"start":{"line":14,"column":82},"end":{"line":32,"column":1}},"line":14},"1":{"name":"logout","decl":{"start":{"line":17,"column":11},"end":{"line":17,"column":17}},"loc":{"start":{"line":17,"column":26},"end":{"line":20,"column":3}},"line":17},"2":{"name":"(anonymous_2)","decl":{"start":{"line":23,"column":38},"end":{"line":23,"column":39}},"loc":{"start":{"line":23,"column":50},"end":{"line":23,"column":58}},"line":23}},"branchMap":{"0":{"loc":{"start":{"line":25,"column":13},"end":{"line":25,"column":91}},"type":"cond-expr","locations":[{"start":{"line":25,"column":22},"end":{"line":25,"column":28}},{"start":{"line":25,"column":31},"end":{"line":25,"column":91}}],"line":25}},"s":{"0":17,"1":3,"2":1,"3":1,"4":3,"5":1},"f":{"0":3,"1":1,"2":1},"b":{"0":[1,2]},"_coverageSchema":"332fd63041d2c1bcb487cc26dd0d5f7d97098a6c","hash":"b9f2fff0335fcdf19c4364e1d4b257f93b377ca2"}
,"/Users/admin/Documents/song-game/src/components/errorMessage/ErrorMessage.tsx": {"path":"/Users/admin/Documents/song-game/src/components/errorMessage/ErrorMessage.tsx","statementMap":{"0":{"start":{"line":6,"column":66},"end":{"line":12,"column":1}},"1":{"start":{"line":7,"column":2},"end":{"line":11,"column":8}}},"fnMap":{"0":{"name":"(anonymous_0)","decl":{"start":{"line":6,"column":66},"end":{"line":6,"column":67}},"loc":{"start":{"line":7,"column":2},"end":{"line":11,"column":8}},"line":7}},"branchMap":{"0":{"loc":{"start":{"line":9,"column":7},"end":{"line":9,"column":52}},"type":"binary-expr","locations":[{"start":{"line":9,"column":7},"end":{"line":9,"column":14}},{"start":{"line":9,"column":18},"end":{"line":9,"column":52}}],"line":9}},"s":{"0":17,"1":2},"f":{"0":2},"b":{"0":[2,0]},"_coverageSchema":"332fd63041d2c1bcb487cc26dd0d5f7d97098a6c","hash":"12ab3756462d7a9dc6184528164ae0c4bc4ace7d"}
,"/Users/admin/Documents/song-game/src/components/game/Game.tsx": {"path":"/Users/admin/Documents/song-game/src/components/game/Game.tsx","statementMap":{"0":{"start":{"line":23,"column":45},"end":{"line":133,"column":1}},"1":{"start":{"line":24,"column":25},"end":{"line":24,"column":36}},"2":{"start":{"line":25,"column":34},"end":{"line":25,"column":47}},"3":{"start":{"line":26,"column":33},"end":{"line":26,"column":54}},"4":{"start":{"line":27,"column":30},"end":{"line":27,"column":52}},"5":{"start":{"line":28,"column":60},"end":{"line":28,"column":70}},"6":{"start":{"line":29,"column":51},"end":{"line":29,"column":67}},"7":{"start":{"line":30,"column":26},"end":{"line":30,"column":39}},"8":{"start":{"line":31,"column":44},"end":{"line":31,"column":63}},"9":{"start":{"line":32,"column":28},"end":{"line":32,"column":52}},"10":{"start":{"line":34,"column":2},"end":{"line":47,"column":31}},"11":{"start":{"line":35,"column":4},"end":{"line":35,"column":17}},"12":{"start":{"line":36,"column":4},"end":{"line":46,"column":5}},"13":{"start":{"line":37,"column":6},"end":{"line":45,"column":7}},"14":{"start":{"line":38,"column":8},"end":{"line":38,"column":60}},"15":{"start":{"line":39,"column":8},"end":{"line":39,"column":45}},"16":{"start":{"line":40,"column":8},"end":{"line":40,"column":21}},"17":{"start":{"line":42,"column":8},"end":{"line":42,"column":19}},"18":{"start":{"line":43,"column":8},"end":{"line":43,"column":75}},"19":{"start":{"line":44,"column":8},"end":{"line":44,"column":39}},"20":{"start":{"line":49,"column":15},"end":{"line":69,"column":40}},"21":{"start":{"line":50,"column":4},"end":{"line":60,"column":5}},"22":{"start":{"line":51,"column":26},"end":{"line":51,"column":54}},"23":{"start":{"line":52,"column":33},"end":{"line":52,"column":59}},"24":{"start":{"line":53,"column":36},"end":{"line":57,"column":12}},"25":{"start":{"line":54,"column":8},"end":{"line":56,"column":21}},"26":{"start":{"line":58,"column":32},"end":{"line":58,"column":69}},"27":{"start":{"line":59,"column":6},"end":{"line":59,"column":66}},"28":{"start":{"line":62,"column":4},"end":{"line":68,"column":6}},"29":{"start":{"line":71,"column":22},"end":{"line":104,"column":3}},"30":{"start":{"line":72,"column":4},"end":{"line":79,"column":5}},"31":{"start":{"line":73,"column":6},"end":{"line":73,"column":21}},"32":{"start":{"line":74,"column":6},"end":{"line":74,"column":58}},"33":{"start":{"line":75,"column":6},"end":{"line":75,"column":28}},"34":{"start":{"line":76,"column":6},"end":{"line":78,"column":15}},"35":{"start":{"line":77,"column":8},"end":{"line":77,"column":24}},"36":{"start":{"line":81,"column":4},"end":{"line":103,"column":5}},"37":{"start":{"line":83,"column":6},"end":{"line":91,"column":7}},"38":{"start":{"line":84,"column":8},"end":{"line":84,"column":20}},"39":{"start":{"line":85,"column":13},"end":{"line":91,"column":7}},"40":{"start":{"line":86,"column":8},"end":{"line":86,"column":20}},"41":{"start":{"line":87,"column":13},"end":{"line":91,"column":7}},"42":{"start":{"line":88,"column":8},"end":{"line":88,"column":20}},"43":{"start":{"line":90,"column":8},"end":{"line":90,"column":19}},"44":{"start":{"line":92,"column":6},"end":{"line":92,"column":61}},"45":{"start":{"line":93,"column":6},"end":{"line":93,"column":31}},"46":{"start":{"line":95,"column":6},"end":{"line":102,"column":7}},"47":{"start":{"line":96,"column":8},"end":{"line":96,"column":45}},"48":{"start":{"line":97,"column":8},"end":{"line":97,"column":21}},"49":{"start":{"line":99,"column":8},"end":{"line":99,"column":19}},"50":{"start":{"line":100,"column":8},"end":{"line":100,"column":75}},"51":{"start":{"line":101,"column":8},"end":{"line":101,"column":39}},"52":{"start":{"line":106,"column":2},"end":{"line":108,"column":3}},"53":{"start":{"line":107,"column":4},"end":{"line":107,"column":47}},"54":{"start":{"line":110,"column":2},"end":{"line":132,"column":4}},"55":{"start":{"line":120,"column":10},"end":{"line":128,"column":19}},"56":{"start":{"line":125,"column":33},"end":{"line":125,"column":52}}},"fnMap":{"0":{"name":"(anonymous_0)","decl":{"start":{"line":23,"column":45},"end":{"line":23,"column":46}},"loc":{"start":{"line":23,"column":51},"end":{"line":133,"column":1}},"line":23},"1":{"name":"(anonymous_1)","decl":{"start":{"line":34,"column":12},"end":{"line":34,"column":13}},"loc":{"start":{"line":34,"column":18},"end":{"line":47,"column":3}},"line":34},"2":{"name":"(anonymous_2)","decl":{"start":{"line":49,"column":23},"end":{"line":49,"column":24}},"loc":{"start":{"line":49,"column":40},"end":{"line":69,"column":3}},"line":49},"3":{"name":"(anonymous_3)","decl":{"start":{"line":53,"column":64},"end":{"line":53,"column":65}},"loc":{"start":{"line":53,"column":100},"end":{"line":57,"column":7}},"line":53},"4":{"name":"(anonymous_4)","decl":{"start":{"line":71,"column":22},"end":{"line":71,"column":23}},"loc":{"start":{"line":71,"column":47},"end":{"line":104,"column":3}},"line":71},"5":{"name":"(anonymous_5)","decl":{"start":{"line":76,"column":17},"end":{"line":76,"column":18}},"loc":{"start":{"line":76,"column":23},"end":{"line":78,"column":7}},"line":76},"6":{"name":"(anonymous_6)","decl":{"start":{"line":119,"column":27},"end":{"line":119,"column":28}},"loc":{"start":{"line":120,"column":10},"end":{"line":128,"column":19}},"line":120},"7":{"name":"(anonymous_7)","decl":{"start":{"line":125,"column":21},"end":{"line":125,"column":22}},"loc":{"start":{"line":125,"column":33},"end":{"line":125,"column":52}},"line":125}},"branchMap":{"0":{"loc":{"start":{"line":36,"column":4},"end":{"line":46,"column":5}},"type":"if","locations":[{"start":{"line":36,"column":4},"end":{"line":46,"column":5}},{"start":{"line":36,"column":4},"end":{"line":46,"column":5}}],"line":36},"1":{"loc":{"start":{"line":37,"column":6},"end":{"line":45,"column":7}},"type":"if","locations":[{"start":{"line":37,"column":6},"end":{"line":45,"column":7}},{"start":{"line":37,"column":6},"end":{"line":45,"column":7}}],"line":37},"2":{"loc":{"start":{"line":50,"column":4},"end":{"line":60,"column":5}},"type":"if","locations":[{"start":{"line":50,"column":4},"end":{"line":60,"column":5}},{"start":{"line":50,"column":4},"end":{"line":60,"column":5}}],"line":50},"3":{"loc":{"start":{"line":54,"column":15},"end":{"line":56,"column":20}},"type":"cond-expr","locations":[{"start":{"line":55,"column":12},"end":{"line":55,"column":32}},{"start":{"line":56,"column":12},"end":{"line":56,"column":20}}],"line":54},"4":{"loc":{"start":{"line":54,"column":15},"end":{"line":54,"column":87}},"type":"binary-expr","locations":[{"start":{"line":54,"column":15},"end":{"line":54,"column":40}},{"start":{"line":54,"column":44},"end":{"line":54,"column":58}},{"start":{"line":54,"column":62},"end":{"line":54,"column":87}}],"line":54},"5":{"loc":{"start":{"line":72,"column":4},"end":{"line":79,"column":5}},"type":"if","locations":[{"start":{"line":72,"column":4},"end":{"line":79,"column":5}},{"start":{"line":72,"column":4},"end":{"line":79,"column":5}}],"line":72},"6":{"loc":{"start":{"line":81,"column":4},"end":{"line":103,"column":5}},"type":"if","locations":[{"start":{"line":81,"column":4},"end":{"line":103,"column":5}},{"start":{"line":81,"column":4},"end":{"line":103,"column":5}}],"line":81},"7":{"loc":{"start":{"line":83,"column":6},"end":{"line":91,"column":7}},"type":"if","locations":[{"start":{"line":83,"column":6},"end":{"line":91,"column":7}},{"start":{"line":83,"column":6},"end":{"line":91,"column":7}}],"line":83},"8":{"loc":{"start":{"line":85,"column":13},"end":{"line":91,"column":7}},"type":"if","locations":[{"start":{"line":85,"column":13},"end":{"line":91,"column":7}},{"start":{"line":85,"column":13},"end":{"line":91,"column":7}}],"line":85},"9":{"loc":{"start":{"line":87,"column":13},"end":{"line":91,"column":7}},"type":"if","locations":[{"start":{"line":87,"column":13},"end":{"line":91,"column":7}},{"start":{"line":87,"column":13},"end":{"line":91,"column":7}}],"line":87},"10":{"loc":{"start":{"line":95,"column":6},"end":{"line":102,"column":7}},"type":"if","locations":[{"start":{"line":95,"column":6},"end":{"line":102,"column":7}},{"start":{"line":95,"column":6},"end":{"line":102,"column":7}}],"line":95},"11":{"loc":{"start":{"line":106,"column":2},"end":{"line":108,"column":3}},"type":"if","locations":[{"start":{"line":106,"column":2},"end":{"line":108,"column":3}},{"start":{"line":106,"column":2},"end":{"line":108,"column":3}}],"line":106},"12":{"loc":{"start":{"line":117,"column":41},"end":{"line":117,"column":62}},"type":"binary-expr","locations":[{"start":{"line":117,"column":41},"end":{"line":117,"column":44}},{"start":{"line":117,"column":48},"end":{"line":117,"column":62}}],"line":117},"13":{"loc":{"start":{"line":124,"column":26},"end":{"line":124,"column":68}},"type":"binary-expr","locations":[{"start":{"line":124,"column":26},"end":{"line":124,"column":52}},{"start":{"line":124,"column":56},"end":{"line":124,"column":68}}],"line":124},"14":{"loc":{"start":{"line":127,"column":13},"end":{"line":127,"column":71}},"type":"cond-expr","locations":[{"start":{"line":127,"column":35},"end":{"line":127,"column":62}},{"start":{"line":127,"column":65},"end":{"line":127,"column":71}}],"line":127}},"s":{"0":17,"1":21,"2":21,"3":21,"4":21,"5":21,"6":21,"7":21,"8":21,"9":21,"10":21,"11":2,"12":2,"13":2,"14":1,"15":1,"16":1,"17":1,"18":1,"19":1,"20":21,"21":13,"22":13,"23":13,"24":13,"25":143,"26":13,"27":13,"28":0,"29":21,"30":7,"31":1,"32":1,"33":1,"34":1,"35":0,"36":7,"37":6,"38":3,"39":3,"40":1,"41":2,"42":1,"43":1,"44":6,"45":6,"46":6,"47":5,"48":5,"49":1,"50":1,"51":1,"52":21,"53":0,"54":21,"55":210,"56":7},"f":{"0":21,"1":2,"2":13,"3":143,"4":7,"5":0,"6":210,"7":7},"b":{"0":[2,0],"1":[1,1],"2":[13,0],"3":[117,26],"4":[143,130,129],"5":[1,6],"6":[6,1],"7":[3,3],"8":[1,2],"9":[1,1],"10":[5,1],"11":[0,21],"12":[21,0],"13":[210,189],"14":[63,147]},"_coverageSchema":"332fd63041d2c1bcb487cc26dd0d5f7d97098a6c","hash":"ec04bd3ce1daa3e1d3e02d979522864bfab319f5"}
,"/Users/admin/Documents/song-game/src/components/image/Image.tsx": {"path":"/Users/admin/Documents/song-game/src/components/image/Image.tsx","statementMap":{"0":{"start":{"line":12,"column":52},"end":{"line":16,"column":1}},"1":{"start":{"line":13,"column":22},"end":{"line":13,"column":85}},"2":{"start":{"line":14,"column":25},"end":{"line":14,"column":56}},"3":{"start":{"line":15,"column":2},"end":{"line":15,"column":92}}},"fnMap":{"0":{"name":"(anonymous_0)","decl":{"start":{"line":12,"column":52},"end":{"line":12,"column":53}},"loc":{"start":{"line":12,"column":110},"end":{"line":16,"column":1}},"line":12}},"branchMap":{"0":{"loc":{"start":{"line":13,"column":22},"end":{"line":13,"column":85}},"type":"cond-expr","locations":[{"start":{"line":13,"column":41},"end":{"line":13,"column":47}},{"start":{"line":13,"column":50},"end":{"line":13,"column":85}}],"line":13},"1":{"loc":{"start":{"line":13,"column":50},"end":{"line":13,"column":85}},"type":"cond-expr","locations":[{"start":{"line":13,"column":70},"end":{"line":13,"column":76}},{"start":{"line":13,"column":79},"end":{"line":13,"column":85}}],"line":13},"2":{"loc":{"start":{"line":14,"column":25},"end":{"line":14,"column":56}},"type":"binary-expr","locations":[{"start":{"line":14,"column":25},"end":{"line":14,"column":32}},{"start":{"line":14,"column":36},"end":{"line":14,"column":56}}],"line":14}},"s":{"0":17,"1":4,"2":4,"3":4},"f":{"0":4},"b":{"0":[1,3],"1":[1,2],"2":[4,1]},"_coverageSchema":"332fd63041d2c1bcb487cc26dd0d5f7d97098a6c","hash":"2a698537054478cdc38b9170ac55111c305c5844"}
,"/Users/admin/Documents/song-game/src/components/listSongs/ListSongs.tsx": {"path":"/Users/admin/Documents/song-game/src/components/listSongs/ListSongs.tsx","statementMap":{"0":{"start":{"line":12,"column":18},"end":{"line":20,"column":1}},"1":{"start":{"line":13,"column":2},"end":{"line":19,"column":4}},"2":{"start":{"line":22,"column":44},"end":{"line":48,"column":1}},"3":{"start":{"line":23,"column":18},"end":{"line":23,"column":29}},"4":{"start":{"line":24,"column":16},"end":{"line":24,"column":42}},"5":{"start":{"line":25,"column":2},"end":{"line":47,"column":4}},"6":{"start":{"line":30,"column":12},"end":{"line":42,"column":14}}},"fnMap":{"0":{"name":"(anonymous_0)","decl":{"start":{"line":12,"column":29},"end":{"line":12,"column":30}},"loc":{"start":{"line":13,"column":2},"end":{"line":19,"column":4}},"line":13},"1":{"name":"(anonymous_1)","decl":{"start":{"line":22,"column":44},"end":{"line":22,"column":45}},"loc":{"start":{"line":22,"column":64},"end":{"line":48,"column":1}},"line":22},"2":{"name":"(anonymous_2)","decl":{"start":{"line":29,"column":22},"end":{"line":29,"column":23}},"loc":{"start":{"line":29,"column":58},"end":{"line":43,"column":11}},"line":29}},"branchMap":{},"s":{"0":17,"1":1,"2":17,"3":4,"4":4,"5":4,"6":8},"f":{"0":1,"1":4,"2":8},"b":{},"_coverageSchema":"332fd63041d2c1bcb487cc26dd0d5f7d97098a6c","hash":"5087a35f2f7a9a670e8ccf4d0b8e2df3c0abf761"}
,"/Users/admin/Documents/song-game/src/components/login/Login.tsx": {"path":"/Users/admin/Documents/song-game/src/components/login/Login.tsx","statementMap":{"0":{"start":{"line":8,"column":40},"end":{"line":31,"column":1}},"1":{"start":{"line":9,"column":19},"end":{"line":9,"column":32}},"2":{"start":{"line":11,"column":2},"end":{"line":15,"column":17}},"3":{"start":{"line":12,"column":27},"end":{"line":12,"column":47}},"4":{"start":{"line":14,"column":4},"end":{"line":14,"column":32}},"5":{"start":{"line":17,"column":2},"end":{"line":30,"column":4}}},"fnMap":{"0":{"name":"(anonymous_0)","decl":{"start":{"line":8,"column":40},"end":{"line":8,"column":41}},"loc":{"start":{"line":8,"column":60},"end":{"line":31,"column":1}},"line":8},"1":{"name":"(anonymous_1)","decl":{"start":{"line":11,"column":12},"end":{"line":11,"column":13}},"loc":{"start":{"line":11,"column":18},"end":{"line":15,"column":3}},"line":11}},"branchMap":{},"s":{"0":17,"1":2,"2":2,"3":1,"4":1,"5":2},"f":{"0":2,"1":1},"b":{},"_coverageSchema":"332fd63041d2c1bcb487cc26dd0d5f7d97098a6c","hash":"397d9cfd084359e1a654082be8d3219d6b22f74f"}
,"/Users/admin/Documents/song-game/src/components/navigation/Navigation.tsx": {"path":"/Users/admin/Documents/song-game/src/components/navigation/Navigation.tsx","statementMap":{"0":{"start":{"line":10,"column":45},"end":{"line":34,"column":1}},"1":{"start":{"line":11,"column":15},"end":{"line":11,"column":39}},"2":{"start":{"line":12,"column":19},"end":{"line":12,"column":32}},"3":{"start":{"line":15,"column":4},"end":{"line":15,"column":28}},"4":{"start":{"line":17,"column":2},"end":{"line":33,"column":4}}},"fnMap":{"0":{"name":"(anonymous_0)","decl":{"start":{"line":10,"column":45},"end":{"line":10,"column":46}},"loc":{"start":{"line":10,"column":65},"end":{"line":34,"column":1}},"line":10},"1":{"name":"clear","decl":{"start":{"line":14,"column":11},"end":{"line":14,"column":16}},"loc":{"start":{"line":14,"column":25},"end":{"line":16,"column":3}},"line":14}},"branchMap":{},"s":{"0":17,"1":4,"2":4,"3":1,"4":4},"f":{"0":4,"1":1},"b":{},"_coverageSchema":"332fd63041d2c1bcb487cc26dd0d5f7d97098a6c","hash":"5dce45fae0e24a54704b9781c6d5b63e495131bf"}
,"/Users/admin/Documents/song-game/src/components/playListItem/PlaylistItem.tsx": {"path":"/Users/admin/Documents/song-game/src/components/playListItem/PlaylistItem.tsx","statementMap":{"0":{"start":{"line":12,"column":66},"end":{"line":28,"column":1}},"1":{"start":{"line":13,"column":13},"end":{"line":13,"column":46}},"2":{"start":{"line":14,"column":23},"end":{"line":14,"column":53}},"3":{"start":{"line":15,"column":16},"end":{"line":15,"column":110}},"4":{"start":{"line":16,"column":17},"end":{"line":16,"column":39}},"5":{"start":{"line":17,"column":16},"end":{"line":17,"column":59}},"6":{"start":{"line":19,"column":2},"end":{"line":27,"column":4}}},"fnMap":{"0":{"name":"(anonymous_0)","decl":{"start":{"line":12,"column":66},"end":{"line":12,"column":67}},"loc":{"start":{"line":12,"column":94},"end":{"line":28,"column":1}},"line":12}},"branchMap":{"0":{"loc":{"start":{"line":15,"column":16},"end":{"line":15,"column":110}},"type":"cond-expr","locations":[{"start":{"line":15,"column":40},"end":{"line":15,"column":61}},{"start":{"line":15,"column":64},"end":{"line":15,"column":110}}],"line":15},"1":{"loc":{"start":{"line":17,"column":16},"end":{"line":17,"column":59}},"type":"binary-expr","locations":[{"start":{"line":17,"column":16},"end":{"line":17,"column":22}},{"start":{"line":17,"column":26},"end":{"line":17,"column":59}}],"line":17}},"s":{"0":17,"1":4,"2":4,"3":4,"4":4,"5":4,"6":4},"f":{"0":4},"b":{"0":[3,1],"1":[4,4]},"_coverageSchema":"332fd63041d2c1bcb487cc26dd0d5f7d97098a6c","hash":"1184db453a1fb90f7059fc52fcbbfb026b55300d"}
,"/Users/admin/Documents/song-game/src/components/playlists/Playlists.tsx": {"path":"/Users/admin/Documents/song-game/src/components/playlists/Playlists.tsx","statementMap":{"0":{"start":{"line":12,"column":44},"end":{"line":66,"column":1}},"1":{"start":{"line":13,"column":16},"end":{"line":13,"column":37}},"2":{"start":{"line":14,"column":38},"end":{"line":14,"column":66}},"3":{"start":{"line":15,"column":37},"end":{"line":15,"column":69}},"4":{"start":{"line":16,"column":19},"end":{"line":16,"column":32}},"5":{"start":{"line":18,"column":23},"end":{"line":31,"column":20}},"6":{"start":{"line":19,"column":4},"end":{"line":30,"column":6}},"7":{"start":{"line":22,"column":8},"end":{"line":26,"column":9}},"8":{"start":{"line":23,"column":23},"end":{"line":23,"column":39}},"9":{"start":{"line":25,"column":10},"end":{"line":25,"column":42}},"10":{"start":{"line":28,"column":8},"end":{"line":28,"column":24}},"11":{"start":{"line":33,"column":2},"end":{"line":40,"column":35}},"12":{"start":{"line":34,"column":4},"end":{"line":39,"column":5}},"13":{"start":{"line":35,"column":6},"end":{"line":35,"column":55}},"14":{"start":{"line":37,"column":6},"end":{"line":37,"column":32}},"15":{"start":{"line":38,"column":6},"end":{"line":38,"column":51}},"16":{"start":{"line":43,"column":4},"end":{"line":49,"column":10}},"17":{"start":{"line":46,"column":10},"end":{"line":46,"column":77}},"18":{"start":{"line":52,"column":2},"end":{"line":65,"column":4}}},"fnMap":{"0":{"name":"(anonymous_0)","decl":{"start":{"line":12,"column":44},"end":{"line":12,"column":45}},"loc":{"start":{"line":12,"column":64},"end":{"line":66,"column":1}},"line":12},"1":{"name":"(anonymous_1)","decl":{"start":{"line":18,"column":31},"end":{"line":18,"column":32}},"loc":{"start":{"line":18,"column":54},"end":{"line":31,"column":3}},"line":18},"2":{"name":"(anonymous_2)","decl":{"start":{"line":21,"column":39},"end":{"line":21,"column":40}},"loc":{"start":{"line":21,"column":82},"end":{"line":29,"column":7}},"line":21},"3":{"name":"(anonymous_3)","decl":{"start":{"line":33,"column":12},"end":{"line":33,"column":13}},"loc":{"start":{"line":33,"column":18},"end":{"line":40,"column":3}},"line":33},"4":{"name":"(anonymous_4)","decl":{"start":{"line":45,"column":8},"end":{"line":45,"column":9}},"loc":{"start":{"line":46,"column":10},"end":{"line":46,"column":77}},"line":46}},"branchMap":{"0":{"loc":{"start":{"line":20,"column":6},"end":{"line":29,"column":12}},"type":"binary-expr","locations":[{"start":{"line":20,"column":6},"end":{"line":20,"column":18}},{"start":{"line":21,"column":6},"end":{"line":29,"column":12}}],"line":20},"1":{"loc":{"start":{"line":22,"column":8},"end":{"line":26,"column":9}},"type":"if","locations":[{"start":{"line":22,"column":8},"end":{"line":26,"column":9}},{"start":{"line":22,"column":8},"end":{"line":26,"column":9}}],"line":22},"2":{"loc":{"start":{"line":22,"column":12},"end":{"line":22,"column":48}},"type":"binary-expr","locations":[{"start":{"line":22,"column":12},"end":{"line":22,"column":28}},{"start":{"line":22,"column":32},"end":{"line":22,"column":48}}],"line":22},"3":{"loc":{"start":{"line":34,"column":4},"end":{"line":39,"column":5}},"type":"if","locations":[{"start":{"line":34,"column":4},"end":{"line":39,"column":5}},{"start":{"line":34,"column":4},"end":{"line":39,"column":5}}],"line":34},"4":{"loc":{"start":{"line":55,"column":7},"end":{"line":63,"column":7}},"type":"cond-expr","locations":[{"start":{"line":56,"column":8},"end":{"line":58,"column":14}},{"start":{"line":59,"column":10},"end":{"line":63,"column":7}}],"line":55},"5":{"loc":{"start":{"line":59,"column":10},"end":{"line":63,"column":7}},"type":"cond-expr","locations":[{"start":{"line":60,"column":8},"end":{"line":60,"column":70}},{"start":{"line":62,"column":8},"end":{"line":62,"column":15}}],"line":59}},"s":{"0":17,"1":3,"2":3,"3":3,"4":3,"5":3,"6":3,"7":3,"8":1,"9":1,"10":2,"11":3,"12":0,"13":0,"14":0,"15":0,"16":3,"17":1,"18":3},"f":{"0":3,"1":3,"2":3,"3":0,"4":1},"b":{"0":[3,3],"1":[1,2],"2":[3,2],"3":[0,0],"4":[1,2],"5":[1,1]},"_coverageSchema":"332fd63041d2c1bcb487cc26dd0d5f7d97098a6c","hash":"3c3d50b661a2a7f23135abf42fae8e7d3563b4d5"}
,"/Users/admin/Documents/song-game/src/components/scoreInfo/ScoreInfo.tsx": {"path":"/Users/admin/Documents/song-game/src/components/scoreInfo/ScoreInfo.tsx","statementMap":{"0":{"start":{"line":8,"column":60},"end":{"line":16,"column":1}},"1":{"start":{"line":9,"column":2},"end":{"line":15,"column":8}}},"fnMap":{"0":{"name":"(anonymous_0)","decl":{"start":{"line":8,"column":60},"end":{"line":8,"column":61}},"loc":{"start":{"line":9,"column":2},"end":{"line":15,"column":8}},"line":9}},"branchMap":{},"s":{"0":17,"1":3},"f":{"0":3},"b":{},"_coverageSchema":"332fd63041d2c1bcb487cc26dd0d5f7d97098a6c","hash":"f657593546007e391abb44ad075daef871ef2415"}
,"/Users/admin/Documents/song-game/src/components/scores/Scores.tsx": {"path":"/Users/admin/Documents/song-game/src/components/scores/Scores.tsx","statementMap":{"0":{"start":{"line":11,"column":41},"end":{"line":93,"column":1}},"1":{"start":{"line":12,"column":15},"end":{"line":12,"column":39}},"2":{"start":{"line":13,"column":30},"end":{"line":13,"column":42}},"3":{"start":{"line":14,"column":37},"end":{"line":14,"column":52}},"4":{"start":{"line":16,"column":2},"end":{"line":26,"column":20}},"5":{"start":{"line":17,"column":24},"end":{"line":24,"column":5}},"6":{"start":{"line":18,"column":6},"end":{"line":23,"column":7}},"7":{"start":{"line":19,"column":29},"end":{"line":19,"column":92}},"8":{"start":{"line":20,"column":8},"end":{"line":20,"column":62}},"9":{"start":{"line":22,"column":8},"end":{"line":22,"column":63}},"10":{"start":{"line":25,"column":4},"end":{"line":25,"column":18}},"11":{"start":{"line":28,"column":32},"end":{"line":28,"column":51}},"12":{"start":{"line":29,"column":24},"end":{"line":36,"column":8}},"13":{"start":{"line":30,"column":4},"end":{"line":35,"column":6}},"14":{"start":{"line":38,"column":22},"end":{"line":40,"column":7}},"15":{"start":{"line":39,"column":4},"end":{"line":39,"column":41}},"16":{"start":{"line":42,"column":2},"end":{"line":48,"column":3}},"17":{"start":{"line":43,"column":4},"end":{"line":47,"column":6}},"18":{"start":{"line":50,"column":2},"end":{"line":92,"column":4}},"19":{"start":{"line":70,"column":21},"end":{"line":70,"column":45}},"20":{"start":{"line":71,"column":23},"end":{"line":71,"column":41}},"21":{"start":{"line":72,"column":26},"end":{"line":72,"column":93}},"22":{"start":{"line":73,"column":23},"end":{"line":73,"column":40}},"23":{"start":{"line":74,"column":32},"end":{"line":74,"column":85}},"24":{"start":{"line":75,"column":10},"end":{"line":88,"column":12}}},"fnMap":{"0":{"name":"(anonymous_0)","decl":{"start":{"line":11,"column":41},"end":{"line":11,"column":42}},"loc":{"start":{"line":11,"column":61},"end":{"line":93,"column":1}},"line":11},"1":{"name":"(anonymous_1)","decl":{"start":{"line":16,"column":12},"end":{"line":16,"column":13}},"loc":{"start":{"line":16,"column":24},"end":{"line":26,"column":3}},"line":16},"2":{"name":"(anonymous_2)","decl":{"start":{"line":17,"column":24},"end":{"line":17,"column":25}},"loc":{"start":{"line":17,"column":51},"end":{"line":24,"column":5}},"line":17},"3":{"name":"(anonymous_3)","decl":{"start":{"line":29,"column":44},"end":{"line":29,"column":45}},"loc":{"start":{"line":29,"column":99},"end":{"line":36,"column":3}},"line":29},"4":{"name":"(anonymous_4)","decl":{"start":{"line":38,"column":42},"end":{"line":38,"column":43}},"loc":{"start":{"line":38,"column":71},"end":{"line":40,"column":3}},"line":38},"5":{"name":"(anonymous_5)","decl":{"start":{"line":69,"column":28},"end":{"line":69,"column":29}},"loc":{"start":{"line":69,"column":72},"end":{"line":89,"column":9}},"line":69}},"branchMap":{"0":{"loc":{"start":{"line":42,"column":2},"end":{"line":48,"column":3}},"type":"if","locations":[{"start":{"line":42,"column":2},"end":{"line":48,"column":3}},{"start":{"line":42,"column":2},"end":{"line":48,"column":3}}],"line":42},"1":{"loc":{"start":{"line":56,"column":69},"end":{"line":56,"column":114}},"type":"cond-expr","locations":[{"start":{"line":56,"column":91},"end":{"line":56,"column":110}},{"start":{"line":56,"column":113},"end":{"line":56,"column":114}}],"line":56},"2":{"loc":{"start":{"line":66,"column":9},"end":{"line":68,"column":9}},"type":"binary-expr","locations":[{"start":{"line":66,"column":9},"end":{"line":66,"column":30}},{"start":{"line":67,"column":10},"end":{"line":67,"column":113}}],"line":66},"3":{"loc":{"start":{"line":82,"column":19},"end":{"line":82,"column":70}},"type":"cond-expr","locations":[{"start":{"line":82,"column":38},"end":{"line":82,"column":63}},{"start":{"line":82,"column":66},"end":{"line":82,"column":70}}],"line":82}},"s":{"0":17,"1":0,"2":0,"3":0,"4":0,"5":0,"6":0,"7":0,"8":0,"9":0,"10":0,"11":0,"12":0,"13":0,"14":0,"15":0,"16":0,"17":0,"18":0,"19":0,"20":0,"21":0,"22":0,"23":0,"24":0},"f":{"0":0,"1":0,"2":0,"3":0,"4":0,"5":0},"b":{"0":[0,0],"1":[0,0],"2":[0,0],"3":[0,0]},"_coverageSchema":"332fd63041d2c1bcb487cc26dd0d5f7d97098a6c","hash":"0ef92ff5f54eba0fc50343b576961fd9eb0f6b1c"}
,"/Users/admin/Documents/song-game/src/components/search/Search.tsx": {"path":"/Users/admin/Documents/song-game/src/components/search/Search.tsx","statementMap":{"0":{"start":{"line":10,"column":41},"end":{"line":49,"column":1}},"1":{"start":{"line":11,"column":28},"end":{"line":11,"column":68}},"2":{"start":{"line":12,"column":16},"end":{"line":12,"column":37}},"3":{"start":{"line":13,"column":19},"end":{"line":13,"column":32}},"4":{"start":{"line":16,"column":4},"end":{"line":16,"column":43}},"5":{"start":{"line":20,"column":4},"end":{"line":20,"column":23}},"6":{"start":{"line":22,"column":4},"end":{"line":24,"column":5}},"7":{"start":{"line":23,"column":6},"end":{"line":23,"column":50}},"8":{"start":{"line":27,"column":2},"end":{"line":32,"column":19}},"9":{"start":{"line":28,"column":4},"end":{"line":31,"column":5}},"10":{"start":{"line":29,"column":6},"end":{"line":29,"column":32}},"11":{"start":{"line":30,"column":6},"end":{"line":30,"column":30}},"12":{"start":{"line":34,"column":2},"end":{"line":48,"column":4}}},"fnMap":{"0":{"name":"(anonymous_0)","decl":{"start":{"line":10,"column":41},"end":{"line":10,"column":42}},"loc":{"start":{"line":10,"column":61},"end":{"line":49,"column":1}},"line":10},"1":{"name":"handleChange","decl":{"start":{"line":15,"column":11},"end":{"line":15,"column":23}},"loc":{"start":{"line":15,"column":49},"end":{"line":17,"column":3}},"line":15},"2":{"name":"handleSubmit","decl":{"start":{"line":19,"column":11},"end":{"line":19,"column":23}},"loc":{"start":{"line":19,"column":49},"end":{"line":25,"column":3}},"line":19},"3":{"name":"(anonymous_3)","decl":{"start":{"line":27,"column":12},"end":{"line":27,"column":13}},"loc":{"start":{"line":27,"column":24},"end":{"line":32,"column":3}},"line":27}},"branchMap":{"0":{"loc":{"start":{"line":22,"column":4},"end":{"line":24,"column":5}},"type":"if","locations":[{"start":{"line":22,"column":4},"end":{"line":24,"column":5}},{"start":{"line":22,"column":4},"end":{"line":24,"column":5}}],"line":22},"1":{"loc":{"start":{"line":28,"column":4},"end":{"line":31,"column":5}},"type":"if","locations":[{"start":{"line":28,"column":4},"end":{"line":31,"column":5}},{"start":{"line":28,"column":4},"end":{"line":31,"column":5}}],"line":28}},"s":{"0":17,"1":6,"2":6,"3":6,"4":2,"5":2,"6":2,"7":1,"8":6,"9":0,"10":0,"11":0,"12":6},"f":{"0":6,"1":2,"2":2,"3":0},"b":{"0":[1,1],"1":[0,0]},"_coverageSchema":"332fd63041d2c1bcb487cc26dd0d5f7d97098a6c","hash":"8a3d8578c4c7913197517410df88c586b6bbd85c"}
,"/Users/admin/Documents/song-game/src/components/song/Song.tsx": {"path":"/Users/admin/Documents/song-game/src/components/song/Song.tsx","statementMap":{"0":{"start":{"line":9,"column":55},"end":{"line":23,"column":1}},"1":{"start":{"line":10,"column":2},"end":{"line":22,"column":7}}},"fnMap":{"0":{"name":"(anonymous_0)","decl":{"start":{"line":9,"column":55},"end":{"line":9,"column":56}},"loc":{"start":{"line":10,"column":2},"end":{"line":22,"column":7}},"line":10}},"branchMap":{},"s":{"0":17,"1":1},"f":{"0":1},"b":{},"_coverageSchema":"332fd63041d2c1bcb487cc26dd0d5f7d97098a6c","hash":"1c5c48290a79e56aa0d18ebadfe902d3e04176d3"}
,"/Users/admin/Documents/song-game/src/components/summary/Summary.tsx": {"path":"/Users/admin/Documents/song-game/src/components/summary/Summary.tsx","statementMap":{"0":{"start":{"line":13,"column":42},"end":{"line":118,"column":1}},"1":{"start":{"line":14,"column":21},"end":{"line":14,"column":47}},"2":{"start":{"line":15,"column":21},"end":{"line":15,"column":47}},"3":{"start":{"line":16,"column":16},"end":{"line":16,"column":42}},"4":{"start":{"line":17,"column":15},"end":{"line":17,"column":39}},"5":{"start":{"line":18,"column":38},"end":{"line":18,"column":66}},"6":{"start":{"line":19,"column":26},"end":{"line":19,"column":41}},"7":{"start":{"line":20,"column":31},"end":{"line":20,"column":61}},"8":{"start":{"line":21,"column":32},"end":{"line":21,"column":63}},"9":{"start":{"line":22,"column":30},"end":{"line":22,"column":62}},"10":{"start":{"line":23,"column":32},"end":{"line":23,"column":52}},"11":{"start":{"line":24,"column":30},"end":{"line":24,"column":42}},"12":{"start":{"line":25,"column":19},"end":{"line":25,"column":37}},"13":{"start":{"line":27,"column":2},"end":{"line":38,"column":20}},"14":{"start":{"line":28,"column":24},"end":{"line":36,"column":5}},"15":{"start":{"line":29,"column":6},"end":{"line":35,"column":7}},"16":{"start":{"line":30,"column":29},"end":{"line":30,"column":92}},"17":{"start":{"line":31,"column":8},"end":{"line":31,"column":34}},"18":{"start":{"line":32,"column":8},"end":{"line":32,"column":62}},"19":{"start":{"line":34,"column":8},"end":{"line":34,"column":65}},"20":{"start":{"line":37,"column":4},"end":{"line":37,"column":18}},"21":{"start":{"line":40,"column":2},"end":{"line":92,"column":44}},"22":{"start":{"line":41,"column":25},"end":{"line":61,"column":5}},"23":{"start":{"line":42,"column":6},"end":{"line":60,"column":7}},"24":{"start":{"line":43,"column":8},"end":{"line":57,"column":10}},"25":{"start":{"line":59,"column":8},"end":{"line":59,"column":60}},"26":{"start":{"line":63,"column":25},"end":{"line":79,"column":5}},"27":{"start":{"line":64,"column":6},"end":{"line":78,"column":7}},"28":{"start":{"line":65,"column":8},"end":{"line":75,"column":10}},"29":{"start":{"line":77,"column":8},"end":{"line":77,"column":60}},"30":{"start":{"line":80,"column":4},"end":{"line":80,"column":19}},"31":{"start":{"line":81,"column":4},"end":{"line":91,"column":5}},"32":{"start":{"line":82,"column":6},"end":{"line":90,"column":7}},"33":{"start":{"line":83,"column":8},"end":{"line":83,"column":55}},"34":{"start":{"line":84,"column":8},"end":{"line":84,"column":23}},"35":{"start":{"line":85,"column":13},"end":{"line":90,"column":7}},"36":{"start":{"line":86,"column":8},"end":{"line":86,"column":66}},"37":{"start":{"line":87,"column":8},"end":{"line":87,"column":23}},"38":{"start":{"line":88,"column":13},"end":{"line":90,"column":7}},"39":{"start":{"line":89,"column":8},"end":{"line":89,"column":49}},"40":{"start":{"line":94,"column":2},"end":{"line":117,"column":4}}},"fnMap":{"0":{"name":"(anonymous_0)","decl":{"start":{"line":13,"column":42},"end":{"line":13,"column":43}},"loc":{"start":{"line":13,"column":62},"end":{"line":118,"column":1}},"line":13},"1":{"name":"(anonymous_1)","decl":{"start":{"line":27,"column":12},"end":{"line":27,"column":13}},"loc":{"start":{"line":27,"column":18},"end":{"line":38,"column":3}},"line":27},"2":{"name":"(anonymous_2)","decl":{"start":{"line":28,"column":24},"end":{"line":28,"column":25}},"loc":{"start":{"line":28,"column":51},"end":{"line":36,"column":5}},"line":28},"3":{"name":"(anonymous_3)","decl":{"start":{"line":40,"column":12},"end":{"line":40,"column":13}},"loc":{"start":{"line":40,"column":24},"end":{"line":92,"column":3}},"line":40},"4":{"name":"(anonymous_4)","decl":{"start":{"line":41,"column":25},"end":{"line":41,"column":26}},"loc":{"start":{"line":41,"column":52},"end":{"line":61,"column":5}},"line":41},"5":{"name":"(anonymous_5)","decl":{"start":{"line":63,"column":25},"end":{"line":63,"column":26}},"loc":{"start":{"line":63,"column":52},"end":{"line":79,"column":5}},"line":63}},"branchMap":{"0":{"loc":{"start":{"line":81,"column":4},"end":{"line":91,"column":5}},"type":"if","locations":[{"start":{"line":81,"column":4},"end":{"line":91,"column":5}},{"start":{"line":81,"column":4},"end":{"line":91,"column":5}}],"line":81},"1":{"loc":{"start":{"line":81,"column":8},"end":{"line":81,"column":28}},"type":"binary-expr","locations":[{"start":{"line":81,"column":8},"end":{"line":81,"column":18}},{"start":{"line":81,"column":22},"end":{"line":81,"column":28}}],"line":81},"2":{"loc":{"start":{"line":82,"column":6},"end":{"line":90,"column":7}},"type":"if","locations":[{"start":{"line":82,"column":6},"end":{"line":90,"column":7}},{"start":{"line":82,"column":6},"end":{"line":90,"column":7}}],"line":82},"3":{"loc":{"start":{"line":85,"column":13},"end":{"line":90,"column":7}},"type":"if","locations":[{"start":{"line":85,"column":13},"end":{"line":90,"column":7}},{"start":{"line":85,"column":13},"end":{"line":90,"column":7}}],"line":85},"4":{"loc":{"start":{"line":88,"column":13},"end":{"line":90,"column":7}},"type":"if","locations":[{"start":{"line":88,"column":13},"end":{"line":90,"column":7}},{"start":{"line":88,"column":13},"end":{"line":90,"column":7}}],"line":88}},"s":{"0":17,"1":3,"2":3,"3":3,"4":3,"5":3,"6":3,"7":3,"8":3,"9":3,"10":3,"11":3,"12":3,"13":3,"14":0,"15":0,"16":0,"17":0,"18":0,"19":0,"20":0,"21":3,"22":0,"23":0,"24":0,"25":0,"26":0,"27":0,"28":0,"29":0,"30":0,"31":0,"32":0,"33":0,"34":0,"35":0,"36":0,"37":0,"38":0,"39":0,"40":3},"f":{"0":3,"1":0,"2":0,"3":0,"4":0,"5":0},"b":{"0":[0,0],"1":[0,0],"2":[0,0],"3":[0,0],"4":[0,0]},"_coverageSchema":"332fd63041d2c1bcb487cc26dd0d5f7d97098a6c","hash":"f281714f64f3e7f3b2ea441f419124e1d73b8ba6"}
,"/Users/admin/Documents/song-game/src/components/timer/Timer.tsx": {"path":"/Users/admin/Documents/song-game/src/components/timer/Timer.tsx","statementMap":{"0":{"start":{"line":8,"column":52},"end":{"line":12,"column":1}},"1":{"start":{"line":9,"column":17},"end":{"line":9,"column":61}},"2":{"start":{"line":11,"column":2},"end":{"line":11,"column":90}}},"fnMap":{"0":{"name":"(anonymous_0)","decl":{"start":{"line":8,"column":52},"end":{"line":8,"column":53}},"loc":{"start":{"line":8,"column":80},"end":{"line":12,"column":1}},"line":8}},"branchMap":{"0":{"loc":{"start":{"line":9,"column":17},"end":{"line":9,"column":61}},"type":"cond-expr","locations":[{"start":{"line":9,"column":29},"end":{"line":9,"column":44}},{"start":{"line":9,"column":47},"end":{"line":9,"column":61}}],"line":9},"1":{"loc":{"start":{"line":11,"column":34},"end":{"line":11,"column":65}},"type":"cond-expr","locations":[{"start":{"line":11,"column":46},"end":{"line":11,"column":60}},{"start":{"line":11,"column":63},"end":{"line":11,"column":65}}],"line":11}},"s":{"0":17,"1":7,"2":7},"f":{"0":7},"b":{"0":[4,3],"1":[4,3]},"_coverageSchema":"332fd63041d2c1bcb487cc26dd0d5f7d97098a6c","hash":"797cb2ad045d25f31647fdc2ad75e1931a5efc1d"}
,"/Users/admin/Documents/song-game/src/tailwind/tailwind.config.js": {"path":"/Users/admin/Documents/song-game/src/tailwind/tailwind.config.js","statementMap":{"0":{"start":{"line":1,"column":0},"end":{"line":null,"column":-1}},"1":{"start":{"line":157,"column":30},"end":{"line":8,"column":9}},"2":{"start":{"line":174,"column":27},"end":{"line":174,"column":22}},"3":{"start":{"line":286,"column":22},"end":{"line":286,"column":17}},"4":{"start":{"line":317,"column":38},"end":{"line":317,"column":12}},"5":{"start":{"line":383,"column":22},"end":{"line":8,"column":9}},"6":{"start":{"line":384,"column":31},"end":{"line":8,"column":9}},"7":{"start":{"line":388,"column":24},"end":{"line":8,"column":9}},"8":{"start":{"line":389,"column":21},"end":{"line":389,"column":16}}},"fnMap":{"0":{"name":"(anonymous_0)","decl":{"start":{"line":157,"column":21},"end":{"line":157,"column":25}},"loc":{"start":{"line":157,"column":30},"end":{"line":8,"column":9}}},"1":{"name":"(anonymous_1)","decl":{"start":{"line":174,"column":17},"end":{"line":174,"column":21}},"loc":{"start":{"line":174,"column":27},"end":{"line":174,"column":22}}},"2":{"name":"(anonymous_2)","decl":{"start":{"line":286,"column":12},"end":{"line":286,"column":16}},"loc":{"start":{"line":286,"column":22},"end":{"line":286,"column":17}}},"3":{"name":"(anonymous_3)","decl":{"start":{"line":317,"column":12},"end":{"line":317,"column":13}},"loc":{"start":{"line":317,"column":38},"end":{"line":317,"column":12}}},"4":{"name":"(anonymous_4)","decl":{"start":{"line":383,"column":13},"end":{"line":383,"column":17}},"loc":{"start":{"line":383,"column":22},"end":{"line":8,"column":9}}},"5":{"name":"(anonymous_5)","decl":{"start":{"line":384,"column":22},"end":{"line":384,"column":26}},"loc":{"start":{"line":384,"column":31},"end":{"line":8,"column":9}}},"6":{"name":"(anonymous_6)","decl":{"start":{"line":388,"column":15},"end":{"line":388,"column":19}},"loc":{"start":{"line":388,"column":24},"end":{"line":8,"column":9}}},"7":{"name":"(anonymous_7)","decl":{"start":{"line":389,"column":11},"end":{"line":389,"column":15}},"loc":{"start":{"line":389,"column":21},"end":{"line":389,"column":16}}}},"branchMap":{},"s":{"0":0,"1":0,"2":0,"3":0,"4":0,"5":0,"6":0,"7":0,"8":0},"f":{"0":0,"1":0,"2":0,"3":0,"4":0,"5":0,"6":0,"7":0},"b":{}}
}
