TN:
SF:/Users/admin/Documents/song-game/src/App.tsx
FN:11,(anonymous_0)
FN:16,(anonymous_1)
FNF:2
FNH:1
FNDA:3,(anonymous_0)
FNDA:0,(anonymous_1)
DA:11,1
DA:12,3
DA:13,3
DA:14,3
DA:16,3
DA:17,0
DA:18,0
DA:23,3
DA:35,3
DA:40,3
LF:10
LH:8
BRDA:17,0,0,0
BRDA:17,0,1,0
BRDA:17,1,0,0
BRDA:17,1,1,0
BRDA:40,2,0,2
BRDA:40,2,1,1
BRF:6
BRH:2
end_of_record
TN:
SF:/Users/admin/Documents/song-game/src/components/alert/Alert.tsx
FN:10,(anonymous_0)
FNF:1
FNH:1
FNDA:4,(anonymous_0)
DA:10,17
DA:12,4
DA:17,4
DA:25,4
LF:4
LH:4
BRDA:27,0,0,4
BRDA:27,0,1,1
BRDA:27,0,2,1
BRDA:28,1,0,4
BRDA:28,1,1,1
BRF:5
BRH:5
end_of_record
TN:
SF:/Users/admin/Documents/song-game/src/components/button/Button.tsx
FN:22,(anonymous_0)
FNF:1
FNH:1
FNDA:25,(anonymous_0)
DA:22,17
DA:33,25
DA:35,25
DA:37,25
DA:39,25
DA:40,3
DA:47,22
DA:48,21
DA:55,1
LF:9
LH:9
BRDA:27,0,0,25
BRDA:33,1,0,25
BRDA:33,1,1,2
BRDA:39,2,0,3
BRDA:39,2,1,22
BRDA:41,3,0,3
BRDA:41,3,1,2
BRDA:47,4,0,21
BRDA:47,4,1,1
BRF:9
BRH:9
end_of_record
TN:
SF:/Users/admin/Documents/song-game/src/components/button/ButtonLogout.tsx
FN:14,(anonymous_0)
FN:17,logout
FN:23,(anonymous_2)
FNF:3
FNH:3
FNDA:3,(anonymous_0)
FNDA:1,logout
FNDA:1,(anonymous_2)
DA:14,17
DA:15,3
DA:18,1
DA:19,1
DA:22,3
DA:23,1
LF:6
LH:6
BRDA:25,0,0,1
BRDA:25,0,1,2
BRF:2
BRH:2
end_of_record
TN:
SF:/Users/admin/Documents/song-game/src/components/errorMessage/ErrorMessage.tsx
FN:6,(anonymous_0)
FNF:1
FNH:1
FNDA:2,(anonymous_0)
DA:6,17
DA:7,2
LF:2
LH:2
BRDA:9,0,0,2
BRDA:9,0,1,0
BRF:2
BRH:1
end_of_record
TN:
SF:/Users/admin/Documents/song-game/src/components/game/Game.tsx
FN:23,(anonymous_0)
FN:34,(anonymous_1)
FN:49,(anonymous_2)
FN:53,(anonymous_3)
FN:71,(anonymous_4)
FN:76,(anonymous_5)
FN:119,(anonymous_6)
FN:125,(anonymous_7)
FNF:8
FNH:7
FNDA:21,(anonymous_0)
FNDA:2,(anonymous_1)
FNDA:13,(anonymous_2)
FNDA:143,(anonymous_3)
FNDA:7,(anonymous_4)
FNDA:0,(anonymous_5)
FNDA:210,(anonymous_6)
FNDA:7,(anonymous_7)
DA:23,17
DA:24,21
DA:25,21
DA:26,21
DA:27,21
DA:28,21
DA:29,21
DA:30,21
DA:31,21
DA:32,21
DA:34,21
DA:35,2
DA:36,2
DA:37,2
DA:38,1
DA:39,1
DA:40,1
DA:42,1
DA:43,1
DA:44,1
DA:49,21
DA:50,13
DA:51,13
DA:52,13
DA:53,13
DA:54,143
DA:58,13
DA:59,13
DA:62,0
DA:71,21
DA:72,7
DA:73,1
DA:74,1
DA:75,1
DA:76,1
DA:77,0
DA:81,7
DA:83,6
DA:84,3
DA:85,3
DA:86,1
DA:87,2
DA:88,1
DA:90,1
DA:92,6
DA:93,6
DA:95,6
DA:96,5
DA:97,5
DA:99,1
DA:100,1
DA:101,1
DA:106,21
DA:107,0
DA:110,21
DA:120,210
DA:125,7
LF:57
LH:54
BRDA:36,0,0,2
BRDA:36,0,1,0
BRDA:37,1,0,1
BRDA:37,1,1,1
BRDA:50,2,0,13
BRDA:50,2,1,0
BRDA:54,3,0,117
BRDA:54,3,1,26
BRDA:54,4,0,143
BRDA:54,4,1,130
BRDA:54,4,2,129
BRDA:72,5,0,1
BRDA:72,5,1,6
BRDA:81,6,0,6
BRDA:81,6,1,1
BRDA:83,7,0,3
BRDA:83,7,1,3
BRDA:85,8,0,1
BRDA:85,8,1,2
BRDA:87,9,0,1
BRDA:87,9,1,1
BRDA:95,10,0,5
BRDA:95,10,1,1
BRDA:106,11,0,0
BRDA:106,11,1,21
BRDA:117,12,0,21
BRDA:117,12,1,0
BRDA:124,13,0,210
BRDA:124,13,1,189
BRDA:127,14,0,63
BRDA:127,14,1,147
BRF:31
BRH:27
end_of_record
TN:
SF:/Users/admin/Documents/song-game/src/components/image/Image.tsx
FN:12,(anonymous_0)
FNF:1
FNH:1
FNDA:4,(anonymous_0)
DA:12,17
DA:13,4
DA:14,4
DA:15,4
LF:4
LH:4
BRDA:13,0,0,1
BRDA:13,0,1,3
BRDA:13,1,0,1
BRDA:13,1,1,2
BRDA:14,2,0,4
BRDA:14,2,1,1
BRF:6
BRH:6
end_of_record
TN:
SF:/Users/admin/Documents/song-game/src/components/listSongs/ListSongs.tsx
FN:12,(anonymous_0)
FN:22,(anonymous_1)
FN:29,(anonymous_2)
FNF:3
FNH:3
FNDA:1,(anonymous_0)
FNDA:4,(anonymous_1)
FNDA:8,(anonymous_2)
DA:12,17
DA:13,1
DA:22,17
DA:23,4
DA:24,4
DA:25,4
DA:30,8
LF:7
LH:7
BRF:0
BRH:0
end_of_record
TN:
SF:/Users/admin/Documents/song-game/src/components/login/Login.tsx
FN:8,(anonymous_0)
FN:11,(anonymous_1)
FNF:2
FNH:2
FNDA:2,(anonymous_0)
FNDA:1,(anonymous_1)
DA:8,17
DA:9,2
DA:11,2
DA:12,1
DA:14,1
DA:17,2
LF:6
LH:6
BRF:0
BRH:0
end_of_record
TN:
SF:/Users/admin/Documents/song-game/src/components/navigation/Navigation.tsx
FN:10,(anonymous_0)
FN:14,clear
FNF:2
FNH:2
FNDA:4,(anonymous_0)
FNDA:1,clear
DA:10,17
DA:11,4
DA:12,4
DA:15,1
DA:17,4
LF:5
LH:5
BRF:0
BRH:0
end_of_record
TN:
SF:/Users/admin/Documents/song-game/src/components/playListItem/PlaylistItem.tsx
FN:12,(anonymous_0)
FNF:1
FNH:1
FNDA:4,(anonymous_0)
DA:12,17
DA:13,4
DA:14,4
DA:15,4
DA:16,4
DA:17,4
DA:19,4
LF:7
LH:7
BRDA:15,0,0,3
BRDA:15,0,1,1
BRDA:17,1,0,4
BRDA:17,1,1,4
BRF:4
BRH:4
end_of_record
TN:
SF:/Users/admin/Documents/song-game/src/components/playlists/Playlists.tsx
FN:12,(anonymous_0)
FN:18,(anonymous_1)
FN:21,(anonymous_2)
FN:33,(anonymous_3)
FN:45,(anonymous_4)
FNF:5
FNH:4
FNDA:3,(anonymous_0)
FNDA:3,(anonymous_1)
FNDA:3,(anonymous_2)
FNDA:0,(anonymous_3)
FNDA:1,(anonymous_4)
DA:12,17
DA:13,3
DA:14,3
DA:15,3
DA:16,3
DA:18,3
DA:19,3
DA:22,3
DA:23,1
DA:25,1
DA:28,2
DA:33,3
DA:34,0
DA:35,0
DA:37,0
DA:38,0
DA:43,3
DA:46,1
DA:52,3
LF:19
LH:15
BRDA:20,0,0,3
BRDA:20,0,1,3
BRDA:22,1,0,1
BRDA:22,1,1,2
BRDA:22,2,0,3
BRDA:22,2,1,2
BRDA:34,3,0,0
BRDA:34,3,1,0
BRDA:55,4,0,1
BRDA:55,4,1,2
BRDA:59,5,0,1
BRDA:59,5,1,1
BRF:12
BRH:10
end_of_record
TN:
SF:/Users/admin/Documents/song-game/src/components/scoreInfo/ScoreInfo.tsx
FN:8,(anonymous_0)
FNF:1
FNH:1
FNDA:3,(anonymous_0)
DA:8,17
DA:9,3
LF:2
LH:2
BRF:0
BRH:0
end_of_record
TN:
SF:/Users/admin/Documents/song-game/src/components/scores/Scores.tsx
FN:11,(anonymous_0)
FN:16,(anonymous_1)
FN:17,(anonymous_2)
FN:29,(anonymous_3)
FN:38,(anonymous_4)
FN:69,(anonymous_5)
FNF:6
FNH:0
FNDA:0,(anonymous_0)
FNDA:0,(anonymous_1)
FNDA:0,(anonymous_2)
FNDA:0,(anonymous_3)
FNDA:0,(anonymous_4)
FNDA:0,(anonymous_5)
DA:11,17
DA:12,0
DA:13,0
DA:14,0
DA:16,0
DA:17,0
DA:18,0
DA:19,0
DA:20,0
DA:22,0
DA:25,0
DA:28,0
DA:29,0
DA:30,0
DA:38,0
DA:39,0
DA:42,0
DA:43,0
DA:50,0
DA:70,0
DA:71,0
DA:72,0
DA:73,0
DA:74,0
DA:75,0
LF:25
LH:1
BRDA:42,0,0,0
BRDA:42,0,1,0
BRDA:56,1,0,0
BRDA:56,1,1,0
BRDA:66,2,0,0
BRDA:66,2,1,0
BRDA:82,3,0,0
BRDA:82,3,1,0
BRF:8
BRH:0
end_of_record
TN:
SF:/Users/admin/Documents/song-game/src/components/search/Search.tsx
FN:10,(anonymous_0)
FN:15,handleChange
FN:19,handleSubmit
FN:27,(anonymous_3)
FNF:4
FNH:3
FNDA:6,(anonymous_0)
FNDA:2,handleChange
FNDA:2,handleSubmit
FNDA:0,(anonymous_3)
DA:10,17
DA:11,6
DA:12,6
DA:13,6
DA:16,2
DA:20,2
DA:22,2
DA:23,1
DA:27,6
DA:28,0
DA:29,0
DA:30,0
DA:34,6
LF:13
LH:10
BRDA:22,0,0,1
BRDA:22,0,1,1
BRDA:28,1,0,0
BRDA:28,1,1,0
BRF:4
BRH:2
end_of_record
TN:
SF:/Users/admin/Documents/song-game/src/components/song/Song.tsx
FN:9,(anonymous_0)
FNF:1
FNH:1
FNDA:1,(anonymous_0)
DA:9,17
DA:10,1
LF:2
LH:2
BRF:0
BRH:0
end_of_record
TN:
SF:/Users/admin/Documents/song-game/src/components/summary/Summary.tsx
FN:13,(anonymous_0)
FN:27,(anonymous_1)
FN:28,(anonymous_2)
FN:40,(anonymous_3)
FN:41,(anonymous_4)
FN:63,(anonymous_5)
FNF:6
FNH:1
FNDA:3,(anonymous_0)
FNDA:0,(anonymous_1)
FNDA:0,(anonymous_2)
FNDA:0,(anonymous_3)
FNDA:0,(anonymous_4)
FNDA:0,(anonymous_5)
DA:13,17
DA:14,3
DA:15,3
DA:16,3
DA:17,3
DA:18,3
DA:19,3
DA:20,3
DA:21,3
DA:22,3
DA:23,3
DA:24,3
DA:25,3
DA:27,3
DA:28,0
DA:29,0
DA:30,0
DA:31,0
DA:32,0
DA:34,0
DA:37,0
DA:40,3
DA:41,0
DA:42,0
DA:43,0
DA:59,0
DA:63,0
DA:64,0
DA:65,0
DA:77,0
DA:80,0
DA:81,0
DA:82,0
DA:83,0
DA:84,0
DA:85,0
DA:86,0
DA:87,0
DA:88,0
DA:89,0
DA:94,3
LF:41
LH:16
BRDA:81,0,0,0
BRDA:81,0,1,0
BRDA:81,1,0,0
BRDA:81,1,1,0
BRDA:82,2,0,0
BRDA:82,2,1,0
BRDA:85,3,0,0
BRDA:85,3,1,0
BRDA:88,4,0,0
BRDA:88,4,1,0
BRF:10
BRH:0
end_of_record
TN:
SF:/Users/admin/Documents/song-game/src/components/timer/Timer.tsx
FN:8,(anonymous_0)
FNF:1
FNH:1
FNDA:7,(anonymous_0)
DA:8,17
DA:9,7
DA:11,7
LF:3
LH:3
BRDA:9,0,0,4
BRDA:9,0,1,3
BRDA:11,1,0,4
BRDA:11,1,1,3
BRF:4
BRH:4
end_of_record
TN:
SF:/Users/admin/Documents/song-game/src/tailwind/tailwind.config.js
FN:157,(anonymous_0)
FN:174,(anonymous_1)
FN:286,(anonymous_2)
FN:317,(anonymous_3)
FN:383,(anonymous_4)
FN:384,(anonymous_5)
FN:388,(anonymous_6)
FN:389,(anonymous_7)
FNF:8
FNH:0
FNDA:0,(anonymous_0)
FNDA:0,(anonymous_1)
FNDA:0,(anonymous_2)
FNDA:0,(anonymous_3)
FNDA:0,(anonymous_4)
FNDA:0,(anonymous_5)
FNDA:0,(anonymous_6)
FNDA:0,(anonymous_7)
DA:1,0
DA:157,0
DA:174,0
DA:286,0
DA:317,0
DA:383,0
DA:384,0
DA:388,0
DA:389,0
LF:9
LH:0
BRF:0
BRH:0
end_of_record
